[debug] > Exec({file:/C:/Users/Sergei/Documents/IdeaProjects/scala-first-project/}scala-first-project/dependencyTree, None, None)
[debug] Evaluating tasks: Compile / dependencyTree
[debug] Running task... Cancel: Signal, check cycles: false, forcegc: true
[info] ch.epfl.scala:hello-world_2.13:1.0 [S]
[info]   +-com.typesafe.play:play-json_2.13:2.9.2 [S]
[info]     +-com.fasterxml.jackson.core:jackson-annotations:2.10.5
[info]     +-com.fasterxml.jackson.core:jackson-core:2.10.5
[info]     +-com.fasterxml.jackson.core:jackson-databind:2.10.5.1
[info]     | +-com.fasterxml.jackson.core:jackson-annotations:2.10.5
[info]     | +-com.fasterxml.jackson.core:jackson-core:2.10.5
[info]     | 
[info]     +-com.fasterxml.jackson.datatype:jackson-datatype-jdk8:2.10.5
[info]     | +-com.fasterxml.jackson.core:jackson-core:2.10.5
[info]     | +-com.fasterxml.jackson.core:jackson-databind:2.10.5 (evicted by: 2.10.5..
[info]     | +-com.fasterxml.jackson.core:jackson-databind:2.10.5.1
[info]     |   +-com.fasterxml.jackson.core:jackson-annotations:2.10.5
[info]     |   +-com.fasterxml.jackson.core:jackson-core:2.10.5
[info]     |   
[info]     +-com.fasterxml.jackson.datatype:jackson-datatype-jsr310:2.10.5
[info]     | +-com.fasterxml.jackson.core:jackson-annotations:2.10.5
[info]     | +-com.fasterxml.jackson.core:jackson-core:2.10.5
[info]     | +-com.fasterxml.jackson.core:jackson-databind:2.10.5 (evicted by: 2.10.5..
[info]     | +-com.fasterxml.jackson.core:jackson-databind:2.10.5.1
[info]     |   +-com.fasterxml.jackson.core:jackson-annotations:2.10.5
[info]     |   +-com.fasterxml.jackson.core:jackson-core:2.10.5
[info]     |   
[info]     +-com.typesafe.play:play-functional_2.13:2.9.2 [S]
[info]     +-org.scala-lang:scala-reflect:2.13.8 [S]
[info]     
[success] Total time: 0 s, completed 22 сент. 2023 г., 13:38:24
[debug] > Exec(idea-shell, None, None)
[debug] > Exec(, None, None)
[debug] > Exec(idea-shell, None, None)
